Using pre-set license
Gtk-Message: 21:38:47.472: Failed to load module "appmenu-gtk-module"
Gtk-Message: 21:38:47.537: Failed to load module "canberra-gtk-module"
Gtk-Message: 21:38:47.537: Failed to load module "canberra-gtk-module"
Desktop is 1920 x 1080 @ 60 Hz

 COMMAND LINE ARGUMENTS:
Unity
-adb2
-batchMode
-noUpm
-name
AssetImportWorker0
-projectPath
/home/severi/Game_projects/2D/Platformer
-logFile
Logs/AssetImportWorker0.log
-srvPort
40953
Successfully changed project path to: /home/severi/Game_projects/2D/Platformer
/home/severi/Game_projects/2D/Platformer
Using Asset Import Pipeline V2.
Refreshing native plugins compatible for Editor in 86.55 ms, found 1 plugins.
Preloading 0 native plugins for Editor in 0.00 ms.
Initialize engine version: 2020.3.11f1 (99c7afb366b3)
[Subsystems] Discovering subsystems at path /home/severi/Unity/Hub/Editor/2020.3.11f1/Editor/Data/Resources/UnitySubsystems
[Subsystems] Discovering subsystems at path /home/severi/Game_projects/2D/Platformer/Assets
GLX Extensions: GLX_ARB_create_context GLX_ARB_create_context_no_error GLX_ARB_create_context_profile GLX_ARB_create_context_robustness GLX_ARB_fbconfig_float GLX_ARB_framebuffer_sRGB GLX_ARB_get_proc_address GLX_ARB_multisample GLX_EXT_buffer_age GLX_EXT_create_context_es2_profile GLX_EXT_create_context_es_profile GLX_EXT_fbconfig_packed_float GLX_EXT_framebuffer_sRGB GLX_EXT_import_context GLX_EXT_swap_control GLX_EXT_swap_control_tear GLX_EXT_texture_from_pixmap GLX_EXT_visual_info GLX_EXT_visual_rating GLX_INTEL_swap_event GLX_MESA_copy_sub_buffer GLX_MESA_query_renderer GLX_MESA_swap_control GLX_OML_swap_method GLX_OML_sync_control GLX_SGIS_multisample GLX_SGIX_fbconfig GLX_SGIX_pbuffer GLX_SGIX_visual_select_group GLX_SGI_make_current_read GLX_SGI_swap_control GLX_SGI_video_sync 
Renderer: Mesa DRI Intel(R) UHD Graphics 620 (KBL GT2)
Vendor:   Intel Open Source Technology Center
Version:  4.6 (Core Profile) Mesa 21.1.1 (git-abac12bc75)
GLES:     0
 GL_3DFX_texture_compression_FXT1 GL_AMD_conservative_depth GL_AMD_depth_clamp_separate GL_AMD_draw_buffers_blend GL_AMD_gpu_shader_int64 GL_AMD_multi_draw_indirect GL_AMD_query_buffer_object GL_AMD_seamless_cubemap_per_texture GL_AMD_shader_stencil_export GL_AMD_shader_trinary_minmax GL_AMD_texture_texture4 GL_AMD_vertex_shader_layer GL_AMD_vertex_shader_viewport_index GL_ANGLE_texture_compression_dxt3 GL_ANGLE_texture_compression_dxt5 GL_APPLE_object_purgeable GL_ARB_ES2_compatibility GL_ARB_ES3_1_compatibility GL_ARB_ES3_2_compatibility GL_ARB_ES3_compatibility GL_ARB_arrays_of_arrays GL_ARB_base_instance GL_ARB_blend_func_extended GL_ARB_buffer_storage GL_ARB_clear_buffer_object GL_ARB_clear_texture GL_ARB_clip_control GL_ARB_compressed_texture_pixel_storage GL_ARB_compute_shader GL_ARB_compute_variable_group_size GL_ARB_conditional_render_inverted GL_ARB_conservative_depth GL_ARB_copy_buffer GL_ARB_copy_image GL_ARB_cull_distance GL_ARB_debug_output GL_ARB_depth_buffer_float GL_ARB_depth_clamp GL_ARB_de
rivative_control GL_ARB_direct_state_access GL_ARB_draw_buffers GL_ARB_draw_buffers_blend GL_ARB_draw_elements_base_vertex GL_ARB_draw_indirect GL_ARB_draw_instanced GL_ARB_enhanced_layouts GL_ARB_explicit_attrib_location GL_ARB_explicit_uniform_location GL_ARB_fragment_coord_conventions GL_ARB_fragment_layer_viewport GL_ARB_fragment_shader GL_ARB_fragment_shader_interlock GL_ARB_framebuffer_no_attachments GL_ARB_framebuffer_object GL_ARB_framebuffer_sRGB GL_ARB_get_program_binary GL_ARB_get_texture_sub_image GL_ARB_gl_spirv GL_ARB_gpu_shader5 GL_ARB_gpu_shader_fp64 GL_ARB_gpu_shader_int64 GL_ARB_half_float_pixel GL_ARB_half_float_vertex GL_ARB_indirect_parameters GL_ARB_instanced_arrays GL_ARB_internalformat_query GL_ARB_internalformat_query2 GL_ARB_invalidate_subdata GL_ARB_map_buffer_alignment GL_ARB_map_buffer_range GL_ARB_multi_bind GL_ARB_multi_draw_indirect GL_ARB_occlusion_query2 GL_ARB_parallel_shader_compile GL_ARB_pipeline_statistics_query GL_ARB_pixel_buffer_object GL_ARB_point_sprite GL_ARB_poly
gon_offset_clamp GL_ARB_post_depth_coverage GL_ARB_program_interface_query GL_ARB_provoking_vertex GL_ARB_query_buffer_object GL_ARB_robust_buffer_access_behavior GL_ARB_robustness GL_ARB_sample_shading GL_ARB_sampler_objects GL_ARB_seamless_cube_map GL_ARB_seamless_cubemap_per_texture GL_ARB_separate_shader_objects GL_ARB_shader_atomic_counter_ops GL_ARB_shader_atomic_counters GL_ARB_shader_ballot GL_ARB_shader_bit_encoding GL_ARB_shader_clock GL_ARB_shader_draw_parameters GL_ARB_shader_group_vote GL_ARB_shader_image_load_store GL_ARB_shader_image_size GL_ARB_shader_objects GL_ARB_shader_precision GL_ARB_shader_stencil_export GL_ARB_shader_storage_buffer_object GL_ARB_shader_subroutine GL_ARB_shader_texture_image_samples GL_ARB_shader_texture_lod GL_ARB_shader_viewport_layer_array GL_ARB_shading_language_420pack GL_ARB_shading_language_include GL_ARB_shading_language_packing GL_ARB_spirv_extensions GL_ARB_stencil_texturing GL_ARB_sync GL_ARB_tessellation_shader GL_ARB_texture_barrier GL_ARB_texture_buffer_o
bject GL_ARB_texture_buffer_object_rgb32 GL_ARB_texture_buffer_range GL_ARB_texture_compression_bptc GL_ARB_texture_compression_rgtc GL_ARB_texture_cube_map_array GL_ARB_texture_filter_anisotropic GL_ARB_texture_float GL_ARB_texture_gather GL_ARB_texture_mirror_clamp_to_edge GL_ARB_texture_multisample GL_ARB_texture_non_power_of_two GL_ARB_texture_query_levels GL_ARB_texture_query_lod GL_ARB_texture_rectangle GL_ARB_texture_rg GL_ARB_texture_rgb10_a2ui GL_ARB_texture_stencil8 GL_ARB_texture_storage GL_ARB_texture_storage_multisample GL_ARB_texture_swizzle GL_ARB_texture_view GL_ARB_timer_query GL_ARB_transform_feedback2 GL_ARB_transform_feedback3 GL_ARB_transform_feedback_instanced GL_ARB_transform_feedback_overflow_query GL_ARB_uniform_buffer_object GL_ARB_vertex_array_bgra GL_ARB_vertex_array_object GL_ARB_vertex_attrib_64bit GL_ARB_vertex_attrib_binding GL_ARB_vertex_buffer_object GL_ARB_vertex_shader GL_ARB_vertex_type_10f_11f_11f_rev GL_ARB_vertex_type_2_10_10_10_rev GL_ARB_viewport_array GL_ATI_blend_e
quation_separate GL_ATI_texture_float GL_EXT_EGL_image_storage GL_EXT_EGL_sync GL_EXT_abgr GL_EXT_blend_equation_separate GL_EXT_demote_to_helper_invocation GL_EXT_draw_buffers2 GL_EXT_draw_instanced GL_EXT_framebuffer_blit GL_EXT_framebuffer_multisample GL_EXT_framebuffer_multisample_blit_scaled GL_EXT_framebuffer_object GL_EXT_framebuffer_sRGB GL_EXT_packed_depth_stencil GL_EXT_packed_float GL_EXT_pixel_buffer_object GL_EXT_polygon_offset_clamp GL_EXT_provoking_vertex GL_EXT_shader_framebuffer_fetch GL_EXT_shader_framebuffer_fetch_non_coherent GL_EXT_shader_integer_mix GL_EXT_shader_samples_identical GL_EXT_texture_array GL_EXT_texture_compression_dxt1 GL_EXT_texture_compression_rgtc GL_EXT_texture_compression_s3tc GL_EXT_texture_filter_anisotropic GL_EXT_texture_integer GL_EXT_texture_sRGB GL_EXT_texture_sRGB_R8 GL_EXT_texture_sRGB_decode GL_EXT_texture_shadow_lod GL_EXT_texture_shared_exponent GL_EXT_texture_snorm GL_EXT_texture_swizzle GL_EXT_timer_query GL_EXT_transform_feedback GL_EXT_vertex_array_bgr
a GL_EXT_vertex_attrib_64bit GL_IBM_multimode_draw_arrays GL_INTEL_blackhole_render GL_INTEL_conservative_rasterization GL_INTEL_performance_query GL_INTEL_shader_atomic_float_minmax GL_INTEL_shader_integer_functions2 GL_KHR_blend_equation_advanced GL_KHR_blend_equation_advanced_coherent GL_KHR_context_flush_control GL_KHR_debug GL_KHR_no_error GL_KHR_parallel_shader_compile GL_KHR_robust_buffer_access_behavior GL_KHR_robustness GL_KHR_texture_compression_astc_ldr GL_KHR_texture_compression_astc_sliced_3d GL_MESA_framebuffer_flip_y GL_MESA_pack_invert GL_MESA_shader_integer_functions GL_MESA_texture_signed_rgba GL_NV_compute_shader_derivatives GL_NV_conditional_render GL_NV_depth_clamp GL_NV_fragment_shader_interlock GL_NV_packed_depth_stencil GL_NV_texture_barrier GL_OES_EGL_image GL_S3_s3tc
OPENGL LOG: Creating OpenGL 4.6 graphics device ; Context level  <OpenGL 4.5> ; Context handle -2013516560
Initialize mono
Mono path[0] = '/home/severi/Unity/Hub/Editor/2020.3.11f1/Editor/Data/Managed'
Mono path[1] = '/home/severi/Unity/Hub/Editor/2020.3.11f1/Editor/Data/MonoBleedingEdge/lib/mono/unityjit'
Mono config path = '/home/severi/Unity/Hub/Editor/2020.3.11f1/Editor/Data/MonoBleedingEdge/etc'
Using monoOptions --debugger-agent=transport=dt_socket,embedding=1,server=y,suspend=n,address=127.0.0.1:56253
Begin MonoManager ReloadAssembly
Registering precompiled unity dll's ...
Register platform support module: /home/severi/Unity/Hub/Editor/2020.3.11f1/Editor/Data/PlaybackEngines/WebGLSupport/UnityEditor.WebGL.Extensions.dll
Register platform support module: /home/severi/Unity/Hub/Editor/2020.3.11f1/Editor/Data/PlaybackEngines/MacStandaloneSupport/UnityEditor.OSXStandalone.Extensions.dll
Register platform support module: /home/severi/Unity/Hub/Editor/2020.3.11f1/Editor/Data/PlaybackEngines/WindowsStandaloneSupport/UnityEditor.WindowsStandalone.Extensions.dll
Register platform support module: /home/severi/Unity/Hub/Editor/2020.3.11f1/Editor/Data/PlaybackEngines/LinuxStandaloneSupport/UnityEditor.LinuxStandalone.Extensions.dll
Registered in 0.002086 seconds.
Native extension for LinuxStandalone target not found
Native extension for WindowsStandalone target not found
Native extension for OSXStandalone target not found
Native extension for WebGL target not found
Refreshing native plugins compatible for Editor in 84.30 ms, found 1 plugins.
Preloading 0 native plugins for Editor in 0.00 ms.
Mono: successfully reloaded assembly
- Completed reload, in  1.990 seconds
Platform modules already initialized, skipping
Registering precompiled user dll's ...
Registered in 0.004060 seconds.
Begin MonoManager ReloadAssembly
Native extension for LinuxStandalone target not found
Native extension for WindowsStandalone target not found
Native extension for OSXStandalone target not found
Native extension for WebGL target not found
Refreshing native plugins compatible for Editor in 81.54 ms, found 1 plugins.
Preloading 0 native plugins for Editor in 0.00 ms.
Mono: successfully reloaded assembly
- Completed reload, in  1.614 seconds
Platform modules already initialized, skipping
========================================================================
Worker process is ready to serve import requests
Launched and connected shader compiler UnityShaderCompiler after 0.01 seconds
Refreshing native plugins compatible for Editor in 0.85 ms, found 1 plugins.
Preloading 0 native plugins for Editor in 0.00 ms.
Unloading 2126 Unused Serialized files (Serialized files now loaded: 0)
System memory in use before: 90.2 MB.
System memory in use after: 90.1 MB.

Unloading 34 unused Assets to reduce memory usage. Loaded Objects now: 2562.
Total: 6.886549 ms (FindLiveObjects: 0.415274 ms CreateObjectMapping: 0.197428 ms MarkObjects: 5.766516 ms  DeleteObjects: 0.504930 ms)

========================================================================
Received Import Request.
  path: Assets/Points_andgameover.cs
  artifactKey: Guid(354d76a1eba01b278aba0d13d8b12f8f) Importer(815301076,1909f56bfc062723c751e8b465ee728b)
Start importing Assets/Points_andgameover.cs using Guid(354d76a1eba01b278aba0d13d8b12f8f) Importer(815301076,1909f56bfc062723c751e8b465ee728b)  -> (artifact id: 'cd17a41a4f20ff2188a1f1e6e5ec8891') in 0.005896 seconds
  Import took 0.012436 seconds .

========================================================================
Received Import Request.
  Time since last request: 78.421440 seconds.
  path: Assets/Wall_behaviour.cs
  artifactKey: Guid(627be2fea6f8ebd84a0397608c09c245) Importer(815301076,1909f56bfc062723c751e8b465ee728b)
Start importing Assets/Wall_behaviour.cs using Guid(627be2fea6f8ebd84a0397608c09c245) Importer(815301076,1909f56bfc062723c751e8b465ee728b)  -> (artifact id: '0f640fd54c4eec6eda7fb8b2500baab0') in 0.000787 seconds
  Import took 0.005656 seconds .

========================================================================
Received Import Request.
  Time since last request: 23.349022 seconds.
  path: Assets/ObjectInstantiating.cs
  artifactKey: Guid(0d192aebc9db8f04d96625a9beb6813c) Importer(815301076,1909f56bfc062723c751e8b465ee728b)
Start importing Assets/ObjectInstantiating.cs using Guid(0d192aebc9db8f04d96625a9beb6813c) Importer(815301076,1909f56bfc062723c751e8b465ee728b)  -> (artifact id: '0041f82d1308ae3f5efba131a5c31940') in 0.000756 seconds
  Import took 0.004817 seconds .

========================================================================
Received Import Request.
  Time since last request: 0.065040 seconds.
  path: Assets/ObjectInstantiating.cs
  artifactKey: Guid(0d192aebc9db8f04d96625a9beb6813c) Importer(815301076,1909f56bfc062723c751e8b465ee728b)
Start importing Assets/ObjectInstantiating.cs using Guid(0d192aebc9db8f04d96625a9beb6813c) Importer(815301076,1909f56bfc062723c751e8b465ee728b)  -> (artifact id: '0041f82d1308ae3f5efba131a5c31940') in 0.000759 seconds
  Import took 0.005806 seconds .

========================================================================
Received Prepare
Registering precompiled user dll's ...
Registered in 0.003815 seconds.
Begin MonoManager ReloadAssembly
Native extension for LinuxStandalone target not found
Native extension for WindowsStandalone target not found
Native extension for OSXStandalone target not found
Native extension for WebGL target not found
Refreshing native plugins compatible for Editor in 0.56 ms, found 1 plugins.
Preloading 0 native plugins for Editor in 0.00 ms.
Mono: successfully reloaded assembly
- Completed reload, in  1.221 seconds
Platform modules already initialized, skipping
Switching build target platform(24) subTarget(0) extendedPlatform(0) -> platform(13) subTarget(537395200) extendedPlatform(0)
Refreshing native plugins compatible for Editor in 0.53 ms, found 1 plugins.
Preloading 0 native plugins for Editor in 0.00 ms.
Unloading 2110 Unused Serialized files (Serialized files now loaded: 0)
System memory in use before: 88.7 MB.
System memory in use after: 88.7 MB.

Unloading 22 unused Assets to reduce memory usage. Loaded Objects now: 2566.
Total: 3.837760 ms (FindLiveObjects: 0.311816 ms CreateObjectMapping: 0.116193 ms MarkObjects: 3.240224 ms  DeleteObjects: 0.168032 ms)

AssetImportParameters requested are different than current active one (requested -> active):
  custom:graphics/normal-map-encoding: 01000000000000000000000000000000 -> 02000000000000000000000000000000
========================================================================
Received Import Request.
  Time since last request: 359.371993 seconds.
  path: Assets/ObjectInstantiating.cs
  artifactKey: Guid(0d192aebc9db8f04d96625a9beb6813c) Importer(815301076,1909f56bfc062723c751e8b465ee728b)
Start importing Assets/ObjectInstantiating.cs using Guid(0d192aebc9db8f04d96625a9beb6813c) Importer(815301076,1909f56bfc062723c751e8b465ee728b)  -> (artifact id: '690a4156c0ad24bb27a44601e157bea1') in 0.003834 seconds
  Import took 0.008484 seconds .

========================================================================
Received Import Request.
  Time since last request: 0.000193 seconds.
  path: Assets/ObjectInstantiating.cs
  artifactKey: Guid(0d192aebc9db8f04d96625a9beb6813c) Importer(815301076,1909f56bfc062723c751e8b465ee728b)
Start importing Assets/ObjectInstantiating.cs using Guid(0d192aebc9db8f04d96625a9beb6813c) Importer(815301076,1909f56bfc062723c751e8b465ee728b)  -> (artifact id: '690a4156c0ad24bb27a44601e157bea1') in 0.000653 seconds
  Import took 0.004754 seconds .

========================================================================
Received Import Request.
  Time since last request: 0.044568 seconds.
  path: Assets/ObjectInstantiating.cs
  artifactKey: Guid(0d192aebc9db8f04d96625a9beb6813c) Importer(815301076,1909f56bfc062723c751e8b465ee728b)
Start importing Assets/ObjectInstantiating.cs using Guid(0d192aebc9db8f04d96625a9beb6813c) Importer(815301076,1909f56bfc062723c751e8b465ee728b)  -> (artifact id: '690a4156c0ad24bb27a44601e157bea1') in 0.000758 seconds
  Import took 0.006025 seconds .

========================================================================
Received Prepare
Registering precompiled user dll's ...
Registered in 0.004374 seconds.
Begin MonoManager ReloadAssembly
Native extension for LinuxStandalone target not found
Native extension for WindowsStandalone target not found
Native extension for OSXStandalone target not found
Native extension for WebGL target not found
Refreshing native plugins compatible for Editor in 1.18 ms, found 1 plugins.
Preloading 0 native plugins for Editor in 0.00 ms.
Mono: successfully reloaded assembly
- Completed reload, in  1.347 seconds
Platform modules already initialized, skipping
Switching build target platform(24) subTarget(0) extendedPlatform(0) -> platform(13) subTarget(537395200) extendedPlatform(0)
Refreshing native plugins compatible for Editor in 0.52 ms, found 1 plugins.
Preloading 0 native plugins for Editor in 0.00 ms.
Unloading 2110 Unused Serialized files (Serialized files now loaded: 0)
System memory in use before: 88.8 MB.
System memory in use after: 88.7 MB.

Unloading 22 unused Assets to reduce memory usage. Loaded Objects now: 2570.
Total: 5.188969 ms (FindLiveObjects: 0.882587 ms CreateObjectMapping: 0.346868 ms MarkObjects: 3.785462 ms  DeleteObjects: 0.171130 ms)

AssetImportParameters requested are different than current active one (requested -> active):
  custom:graphics/normal-map-encoding: 01000000000000000000000000000000 -> 02000000000000000000000000000000
========================================================================
Received Prepare
Registering precompiled user dll's ...
Registered in 0.003952 seconds.
Begin MonoManager ReloadAssembly
Native extension for LinuxStandalone target not found
Native extension for WindowsStandalone target not found
Native extension for OSXStandalone target not found
Native extension for WebGL target not found
Refreshing native plugins compatible for Editor in 0.52 ms, found 1 plugins.
Preloading 0 native plugins for Editor in 0.00 ms.
Mono: successfully reloaded assembly
- Completed reload, in  1.329 seconds
Platform modules already initialized, skipping
Switching build target platform(24) subTarget(0) extendedPlatform(0) -> platform(13) subTarget(537395200) extendedPlatform(0)
Refreshing native plugins compatible for Editor in 0.64 ms, found 1 plugins.
Preloading 0 native plugins for Editor in 0.00 ms.
Unloading 2110 Unused Serialized files (Serialized files now loaded: 0)
System memory in use before: 88.8 MB.
System memory in use after: 88.8 MB.

Unloading 22 unused Assets to reduce memory usage. Loaded Objects now: 2574.
Total: 10.236707 ms (FindLiveObjects: 0.367629 ms CreateObjectMapping: 0.179631 ms MarkObjects: 9.521969 ms  DeleteObjects: 0.165794 ms)

AssetImportParameters requested are different than current active one (requested -> active):
  custom:graphics/normal-map-encoding: 01000000000000000000000000000000 -> 02000000000000000000000000000000
========================================================================
Received Import Request.
  Time since last request: 48.231690 seconds.
  path: Assets/ObjectInstantiating.cs
  artifactKey: Guid(0d192aebc9db8f04d96625a9beb6813c) Importer(815301076,1909f56bfc062723c751e8b465ee728b)
Start importing Assets/ObjectInstantiating.cs using Guid(0d192aebc9db8f04d96625a9beb6813c) Importer(815301076,1909f56bfc062723c751e8b465ee728b)  -> (artifact id: 'e9354ed1f3e2bfd8962ea11a9509de29') in 0.003676 seconds
  Import took 0.007862 seconds .

========================================================================
Received Import Request.
  Time since last request: 0.361103 seconds.
  path: Assets/ObjectInstantiating.cs
  artifactKey: Guid(0d192aebc9db8f04d96625a9beb6813c) Importer(815301076,1909f56bfc062723c751e8b465ee728b)
Start importing Assets/ObjectInstantiating.cs using Guid(0d192aebc9db8f04d96625a9beb6813c) Importer(815301076,1909f56bfc062723c751e8b465ee728b)  -> (artifact id: 'e9354ed1f3e2bfd8962ea11a9509de29') in 0.000919 seconds
  Import took 0.005782 seconds .

========================================================================
Received Prepare
Registering precompiled user dll's ...
Registered in 0.004153 seconds.
Begin MonoManager ReloadAssembly
Native extension for LinuxStandalone target not found
Native extension for WindowsStandalone target not found
Native extension for OSXStandalone target not found
Native extension for WebGL target not found
Refreshing native plugins compatible for Editor in 0.54 ms, found 1 plugins.
Preloading 0 native plugins for Editor in 0.00 ms.
Mono: successfully reloaded assembly
- Completed reload, in  1.335 seconds
Platform modules already initialized, skipping
Switching build target platform(24) subTarget(0) extendedPlatform(0) -> platform(13) subTarget(537395200) extendedPlatform(0)
Refreshing native plugins compatible for Editor in 0.58 ms, found 1 plugins.
Preloading 0 native plugins for Editor in 0.00 ms.
Unloading 2110 Unused Serialized files (Serialized files now loaded: 0)
System memory in use before: 88.8 MB.
System memory in use after: 88.8 MB.

Unloading 22 unused Assets to reduce memory usage. Loaded Objects now: 2578.
Total: 3.733882 ms (FindLiveObjects: 0.285975 ms CreateObjectMapping: 0.105276 ms MarkObjects: 3.184809 ms  DeleteObjects: 0.156340 ms)

AssetImportParameters requested are different than current active one (requested -> active):
  custom:graphics/normal-map-encoding: 01000000000000000000000000000000 -> 02000000000000000000000000000000
========================================================================
Received Import Request.
  Time since last request: 50.533731 seconds.
  path: Assets/ObjectInstantiating.cs
  artifactKey: Guid(0d192aebc9db8f04d96625a9beb6813c) Importer(815301076,1909f56bfc062723c751e8b465ee728b)
Start importing Assets/ObjectInstantiating.cs using Guid(0d192aebc9db8f04d96625a9beb6813c) Importer(815301076,1909f56bfc062723c751e8b465ee728b)  -> (artifact id: '4ea3cdb140beb2aef811a565fe151232') in 0.005211 seconds
  Import took 0.010472 seconds .

========================================================================
Received Prepare
Registering precompiled user dll's ...
Registered in 0.004056 seconds.
Begin MonoManager ReloadAssembly
Native extension for LinuxStandalone target not found
Native extension for WindowsStandalone target not found
Native extension for OSXStandalone target not found
Native extension for WebGL target not found
Refreshing native plugins compatible for Editor in 0.54 ms, found 1 plugins.
Preloading 0 native plugins for Editor in 0.00 ms.
Mono: successfully reloaded assembly
- Completed reload, in  1.273 seconds
Platform modules already initialized, skipping
Switching build target platform(24) subTarget(0) extendedPlatform(0) -> platform(13) subTarget(537395200) extendedPlatform(0)
Refreshing native plugins compatible for Editor in 0.52 ms, found 1 plugins.
Preloading 0 native plugins for Editor in 0.00 ms.
Unloading 2110 Unused Serialized files (Serialized files now loaded: 0)
System memory in use before: 88.8 MB.
System memory in use after: 88.8 MB.

Unloading 22 unused Assets to reduce memory usage. Loaded Objects now: 2582.
Total: 3.760817 ms (FindLiveObjects: 0.253958 ms CreateObjectMapping: 0.101988 ms MarkObjects: 3.238160 ms  DeleteObjects: 0.164827 ms)

AssetImportParameters requested are different than current active one (requested -> active):
  custom:graphics/normal-map-encoding: 01000000000000000000000000000000 -> 02000000000000000000000000000000
========================================================================
Received Import Request.
  Time since last request: 37.333029 seconds.
  path: Assets/ObjectInstantiating.cs
  artifactKey: Guid(0d192aebc9db8f04d96625a9beb6813c) Importer(815301076,1909f56bfc062723c751e8b465ee728b)
Start importing Assets/ObjectInstantiating.cs using Guid(0d192aebc9db8f04d96625a9beb6813c) Importer(815301076,1909f56bfc062723c751e8b465ee728b)  -> (artifact id: '425e72201659538ef21406558a6046f8') in 0.003888 seconds
  Import took 0.008448 seconds .

========================================================================
Received Import Request.
  Time since last request: 0.000477 seconds.
  path: Assets/ObjectInstantiating.cs
  artifactKey: Guid(0d192aebc9db8f04d96625a9beb6813c) Importer(815301076,1909f56bfc062723c751e8b465ee728b)
Start importing Assets/ObjectInstantiating.cs using Guid(0d192aebc9db8f04d96625a9beb6813c) Importer(815301076,1909f56bfc062723c751e8b465ee728b)  -> (artifact id: '425e72201659538ef21406558a6046f8') in 0.000865 seconds
  Import took 0.005194 seconds .

========================================================================
Received Prepare
Registering precompiled user dll's ...
Registered in 0.004086 seconds.
Begin MonoManager ReloadAssembly
Native extension for LinuxStandalone target not found
Native extension for WindowsStandalone target not found
Native extension for OSXStandalone target not found
Native extension for WebGL target not found
Refreshing native plugins compatible for Editor in 0.56 ms, found 1 plugins.
Preloading 0 native plugins for Editor in 0.00 ms.
Mono: successfully reloaded assembly
- Completed reload, in  1.327 seconds
Platform modules already initialized, skipping
Switching build target platform(24) subTarget(0) extendedPlatform(0) -> platform(13) subTarget(537395200) extendedPlatform(0)
Refreshing native plugins compatible for Editor in 0.49 ms, found 1 plugins.
Preloading 0 native plugins for Editor in 0.00 ms.
Unloading 2110 Unused Serialized files (Serialized files now loaded: 0)
System memory in use before: 88.8 MB.
System memory in use after: 88.8 MB.

Unloading 22 unused Assets to reduce memory usage. Loaded Objects now: 2586.
Total: 4.842745 ms (FindLiveObjects: 0.457964 ms CreateObjectMapping: 0.443387 ms MarkObjects: 3.614680 ms  DeleteObjects: 0.325072 ms)

AssetImportParameters requested are different than current active one (requested -> active):
  custom:graphics/normal-map-encoding: 01000000000000000000000000000000 -> 02000000000000000000000000000000
========================================================================
Received Prepare
Registering precompiled user dll's ...
Registered in 0.003714 seconds.
Begin MonoManager ReloadAssembly
Native extension for LinuxStandalone target not found
Native extension for WindowsStandalone target not found
Native extension for OSXStandalone target not found
Native extension for WebGL target not found
Refreshing native plugins compatible for Editor in 0.92 ms, found 1 plugins.
Preloading 0 native plugins for Editor in 0.00 ms.
Mono: successfully reloaded assembly
- Completed reload, in  1.335 seconds
Platform modules already initialized, skipping
Switching build target platform(24) subTarget(0) extendedPlatform(0) -> platform(13) subTarget(537395200) extendedPlatform(0)
Refreshing native plugins compatible for Editor in 0.55 ms, found 1 plugins.
Preloading 0 native plugins for Editor in 0.00 ms.
Unloading 2110 Unused Serialized files (Serialized files now loaded: 0)
System memory in use before: 88.9 MB.
System memory in use after: 88.8 MB.

Unloading 22 unused Assets to reduce memory usage. Loaded Objects now: 2590.
Total: 3.729446 ms (FindLiveObjects: 0.319197 ms CreateObjectMapping: 0.106433 ms MarkObjects: 3.122287 ms  DeleteObjects: 0.179964 ms)

AssetImportParameters requested are different than current active one (requested -> active):
  custom:graphics/normal-map-encoding: 01000000000000000000000000000000 -> 02000000000000000000000000000000
========================================================================
Received Prepare
Registering precompiled user dll's ...
Registered in 0.003770 seconds.
Begin MonoManager ReloadAssembly
Native extension for LinuxStandalone target not found
Native extension for WindowsStandalone target not found
Native extension for OSXStandalone target not found
Native extension for WebGL target not found
Refreshing native plugins compatible for Editor in 0.54 ms, found 1 plugins.
Preloading 0 native plugins for Editor in 0.00 ms.
Mono: successfully reloaded assembly
- Completed reload, in  1.239 seconds
Platform modules already initialized, skipping
Switching build target platform(24) subTarget(0) extendedPlatform(0) -> platform(13) subTarget(537395200) extendedPlatform(0)
Refreshing native plugins compatible for Editor in 0.53 ms, found 1 plugins.
Preloading 0 native plugins for Editor in 0.00 ms.
Unloading 2110 Unused Serialized files (Serialized files now loaded: 0)
System memory in use before: 88.9 MB.
System memory in use after: 88.8 MB.

Unloading 22 unused Assets to reduce memory usage. Loaded Objects now: 2594.
Total: 3.982601 ms (FindLiveObjects: 0.367287 ms CreateObjectMapping: 0.111303 ms MarkObjects: 3.338210 ms  DeleteObjects: 0.164218 ms)

AssetImportParameters requested are different than current active one (requested -> active):
  custom:graphics/normal-map-encoding: 01000000000000000000000000000000 -> 02000000000000000000000000000000
========================================================================
Received Import Request.
  Time since last request: 72.164328 seconds.
  path: Assets/ObjectInstantiating.cs
  artifactKey: Guid(0d192aebc9db8f04d96625a9beb6813c) Importer(815301076,1909f56bfc062723c751e8b465ee728b)
Start importing Assets/ObjectInstantiating.cs using Guid(0d192aebc9db8f04d96625a9beb6813c) Importer(815301076,1909f56bfc062723c751e8b465ee728b)  -> (artifact id: '3f563ece37056797743b3143890d2050') in 0.003820 seconds
  Import took 0.008439 seconds .

========================================================================
Received Import Request.
  Time since last request: 0.000280 seconds.
  path: Assets/ObjectInstantiating.cs
  artifactKey: Guid(0d192aebc9db8f04d96625a9beb6813c) Importer(815301076,1909f56bfc062723c751e8b465ee728b)
Start importing Assets/ObjectInstantiating.cs using Guid(0d192aebc9db8f04d96625a9beb6813c) Importer(815301076,1909f56bfc062723c751e8b465ee728b)  -> (artifact id: '3f563ece37056797743b3143890d2050') in 0.000665 seconds
  Import took 0.004680 seconds .

========================================================================
Received Prepare
Registering precompiled user dll's ...
Registered in 0.004591 seconds.
Begin MonoManager ReloadAssembly
Native extension for LinuxStandalone target not found
Native extension for WindowsStandalone target not found
Native extension for OSXStandalone target not found
Native extension for WebGL target not found
Refreshing native plugins compatible for Editor in 0.81 ms, found 1 plugins.
Preloading 0 native plugins for Editor in 0.00 ms.
Mono: successfully reloaded assembly
- Completed reload, in  1.402 seconds
Platform modules already initialized, skipping
Switching build target platform(24) subTarget(0) extendedPlatform(0) -> platform(13) subTarget(537395200) extendedPlatform(0)
Refreshing native plugins compatible for Editor in 0.68 ms, found 1 plugins.
Preloading 0 native plugins for Editor in 0.00 ms.
Unloading 2110 Unused Serialized files (Serialized files now loaded: 0)
System memory in use before: 88.9 MB.
System memory in use after: 88.8 MB.

Unloading 22 unused Assets to reduce memory usage. Loaded Objects now: 2598.
Total: 4.299969 ms (FindLiveObjects: 0.359718 ms CreateObjectMapping: 0.130887 ms MarkObjects: 3.381514 ms  DeleteObjects: 0.426264 ms)

AssetImportParameters requested are different than current active one (requested -> active):
  custom:graphics/normal-map-encoding: 01000000000000000000000000000000 -> 02000000000000000000000000000000
========================================================================
Received Prepare
Registering precompiled user dll's ...
Registered in 0.003968 seconds.
Begin MonoManager ReloadAssembly
Native extension for LinuxStandalone target not found
Native extension for WindowsStandalone target not found
Native extension for OSXStandalone target not found
Native extension for WebGL target not found
Refreshing native plugins compatible for Editor in 0.54 ms, found 1 plugins.
Preloading 0 native plugins for Editor in 0.00 ms.
Mono: successfully reloaded assembly
- Completed reload, in  1.272 seconds
Platform modules already initialized, skipping
Switching build target platform(24) subTarget(0) extendedPlatform(0) -> platform(13) subTarget(537395200) extendedPlatform(0)
Refreshing native plugins compatible for Editor in 0.53 ms, found 1 plugins.
Preloading 0 native plugins for Editor in 0.00 ms.
Unloading 2110 Unused Serialized files (Serialized files now loaded: 0)
System memory in use before: 88.9 MB.
System memory in use after: 88.8 MB.

Unloading 22 unused Assets to reduce memory usage. Loaded Objects now: 2602.
Total: 4.003576 ms (FindLiveObjects: 0.366762 ms CreateObjectMapping: 0.111778 ms MarkObjects: 3.341473 ms  DeleteObjects: 0.182058 ms)

AssetImportParameters requested are different than current active one (requested -> active):
  custom:graphics/normal-map-encoding: 01000000000000000000000000000000 -> 02000000000000000000000000000000
========================================================================
Received Import Request.
  Time since last request: 496.055875 seconds.
  path: Assets/ObjectInstantiating.cs
  artifactKey: Guid(0d192aebc9db8f04d96625a9beb6813c) Importer(815301076,1909f56bfc062723c751e8b465ee728b)
Start importing Assets/ObjectInstantiating.cs using Guid(0d192aebc9db8f04d96625a9beb6813c) Importer(815301076,1909f56bfc062723c751e8b465ee728b)  -> (artifact id: '957f61963dcb136f70d6f5843176ef61') in 0.003627 seconds
  Import took 0.007839 seconds .

========================================================================
Received Prepare
Registering precompiled user dll's ...
Registered in 0.004329 seconds.
Begin MonoManager ReloadAssembly
Native extension for LinuxStandalone target not found
Native extension for WindowsStandalone target not found
Native extension for OSXStandalone target not found
Native extension for WebGL target not found
Refreshing native plugins compatible for Editor in 0.63 ms, found 1 plugins.
Preloading 0 native plugins for Editor in 0.00 ms.
Mono: successfully reloaded assembly
- Completed reload, in  1.250 seconds
Platform modules already initialized, skipping
Switching build target platform(24) subTarget(0) extendedPlatform(0) -> platform(13) subTarget(537395200) extendedPlatform(0)
Refreshing native plugins compatible for Editor in 0.54 ms, found 1 plugins.
Preloading 0 native plugins for Editor in 0.00 ms.
Unloading 2110 Unused Serialized files (Serialized files now loaded: 0)
System memory in use before: 88.9 MB.
System memory in use after: 88.8 MB.

Unloading 22 unused Assets to reduce memory usage. Loaded Objects now: 2606.
Total: 4.600573 ms (FindLiveObjects: 0.435894 ms CreateObjectMapping: 0.131298 ms MarkObjects: 3.821053 ms  DeleteObjects: 0.210213 ms)

AssetImportParameters requested are different than current active one (requested -> active):
  custom:graphics/normal-map-encoding: 01000000000000000000000000000000 -> 02000000000000000000000000000000
========================================================================
Received Prepare
Registering precompiled user dll's ...
Registered in 0.004093 seconds.
Begin MonoManager ReloadAssembly
Native extension for LinuxStandalone target not found
Native extension for WindowsStandalone target not found
Native extension for OSXStandalone target not found
Native extension for WebGL target not found
Refreshing native plugins compatible for Editor in 0.55 ms, found 1 plugins.
Preloading 0 native plugins for Editor in 0.00 ms.
Mono: successfully reloaded assembly
- Completed reload, in  1.228 seconds
Platform modules already initialized, skipping
Switching build target platform(24) subTarget(0) extendedPlatform(0) -> platform(13) subTarget(537395200) extendedPlatform(0)
Refreshing native plugins compatible for Editor in 0.55 ms, found 1 plugins.
Preloading 0 native plugins for Editor in 0.00 ms.
Unloading 2110 Unused Serialized files (Serialized files now loaded: 0)
System memory in use before: 88.9 MB.
System memory in use after: 88.8 MB.

Unloading 22 unused Assets to reduce memory usage. Loaded Objects now: 2610.
Total: 3.643281 ms (FindLiveObjects: 0.319688 ms CreateObjectMapping: 0.127887 ms MarkObjects: 3.023760 ms  DeleteObjects: 0.170527 ms)

AssetImportParameters requested are different than current active one (requested -> active):
  custom:graphics/normal-map-encoding: 01000000000000000000000000000000 -> 02000000000000000000000000000000
========================================================================
Received Prepare
Registering precompiled user dll's ...
Registered in 0.004108 seconds.
Begin MonoManager ReloadAssembly
Native extension for LinuxStandalone target not found
Native extension for WindowsStandalone target not found
Native extension for OSXStandalone target not found
Native extension for WebGL target not found
Refreshing native plugins compatible for Editor in 0.55 ms, found 1 plugins.
Preloading 0 native plugins for Editor in 0.00 ms.
Mono: successfully reloaded assembly
- Completed reload, in  1.239 seconds
Platform modules already initialized, skipping
Switching build target platform(24) subTarget(0) extendedPlatform(0) -> platform(13) subTarget(537395200) extendedPlatform(0)
Refreshing native plugins compatible for Editor in 0.55 ms, found 1 plugins.
Preloading 0 native plugins for Editor in 0.00 ms.
Unloading 2110 Unused Serialized files (Serialized files now loaded: 0)
System memory in use before: 88.9 MB.
System memory in use after: 88.9 MB.

Unloading 22 unused Assets to reduce memory usage. Loaded Objects now: 2614.
Total: 3.815583 ms (FindLiveObjects: 0.385292 ms CreateObjectMapping: 0.132441 ms MarkObjects: 3.131219 ms  DeleteObjects: 0.164592 ms)

AssetImportParameters requested are different than current active one (requested -> active):
  custom:graphics/normal-map-encoding: 01000000000000000000000000000000 -> 02000000000000000000000000000000
========================================================================
Received Prepare
Registering precompiled user dll's ...
Registered in 0.004358 seconds.
Begin MonoManager ReloadAssembly
Native extension for LinuxStandalone target not found
Native extension for WindowsStandalone target not found
Native extension for OSXStandalone target not found
Native extension for WebGL target not found
Refreshing native plugins compatible for Editor in 0.59 ms, found 1 plugins.
Preloading 0 native plugins for Editor in 0.00 ms.
Mono: successfully reloaded assembly
- Completed reload, in  1.682 seconds
Platform modules already initialized, skipping
Switching build target platform(24) subTarget(0) extendedPlatform(0) -> platform(13) subTarget(537395200) extendedPlatform(0)
Refreshing native plugins compatible for Editor in 0.60 ms, found 1 plugins.
Preloading 0 native plugins for Editor in 0.00 ms.
Unloading 2110 Unused Serialized files (Serialized files now loaded: 0)
System memory in use before: 88.9 MB.
System memory in use after: 88.9 MB.

Unloading 22 unused Assets to reduce memory usage. Loaded Objects now: 2618.
Total: 3.921455 ms (FindLiveObjects: 0.299776 ms CreateObjectMapping: 0.125695 ms MarkObjects: 3.318800 ms  DeleteObjects: 0.175395 ms)

AssetImportParameters requested are different than current active one (requested -> active):
  custom:graphics/normal-map-encoding: 01000000000000000000000000000000 -> 02000000000000000000000000000000
========================================================================
Received Prepare
Registering precompiled user dll's ...
Registered in 0.005614 seconds.
Begin MonoManager ReloadAssembly
Native extension for LinuxStandalone target not found
Native extension for WindowsStandalone target not found
Native extension for OSXStandalone target not found
Native extension for WebGL target not found
Refreshing native plugins compatible for Editor in 1.04 ms, found 1 plugins.
Preloading 0 native plugins for Editor in 0.00 ms.
Mono: successfully reloaded assembly
- Completed reload, in  1.389 seconds
Platform modules already initialized, skipping
Switching build target platform(24) subTarget(0) extendedPlatform(0) -> platform(13) subTarget(537395200) extendedPlatform(0)
Refreshing native plugins compatible for Editor in 1.41 ms, found 1 plugins.
Preloading 0 native plugins for Editor in 0.00 ms.
Unloading 2110 Unused Serialized files (Serialized files now loaded: 0)
System memory in use before: 88.9 MB.
System memory in use after: 88.9 MB.

Unloading 22 unused Assets to reduce memory usage. Loaded Objects now: 2622.
Total: 3.764913 ms (FindLiveObjects: 0.316054 ms CreateObjectMapping: 0.142576 ms MarkObjects: 3.130437 ms  DeleteObjects: 0.167327 ms)

AssetImportParameters requested are different than current active one (requested -> active):
  custom:graphics/normal-map-encoding: 01000000000000000000000000000000 -> 02000000000000000000000000000000
========================================================================
Received Import Request.
  Time since last request: 417.589678 seconds.
  path: Assets/ObjectInstantiating.cs
  artifactKey: Guid(0d192aebc9db8f04d96625a9beb6813c) Importer(815301076,1909f56bfc062723c751e8b465ee728b)
Start importing Assets/ObjectInstantiating.cs using Guid(0d192aebc9db8f04d96625a9beb6813c) Importer(815301076,1909f56bfc062723c751e8b465ee728b)  -> (artifact id: '986f75f56eeab29968f90fc63be4165d') in 0.005338 seconds
  Import took 0.010024 seconds .

========================================================================
Received Prepare
Registering precompiled user dll's ...
Registered in 0.005097 seconds.
Begin MonoManager ReloadAssembly
Native extension for LinuxStandalone target not found
Native extension for WindowsStandalone target not found
Native extension for OSXStandalone target not found
Native extension for WebGL target not found
Refreshing native plugins compatible for Editor in 0.97 ms, found 1 plugins.
Preloading 0 native plugins for Editor in 0.00 ms.
Mono: successfully reloaded assembly
- Completed reload, in  1.693 seconds
Platform modules already initialized, skipping
Switching build target platform(24) subTarget(0) extendedPlatform(0) -> platform(13) subTarget(537395200) extendedPlatform(0)
Refreshing native plugins compatible for Editor in 0.51 ms, found 1 plugins.
Preloading 0 native plugins for Editor in 0.00 ms.
Unloading 2110 Unused Serialized files (Serialized files now loaded: 0)
System memory in use before: 88.9 MB.
System memory in use after: 88.9 MB.

Unloading 22 unused Assets to reduce memory usage. Loaded Objects now: 2626.
Total: 3.955019 ms (FindLiveObjects: 0.358973 ms CreateObjectMapping: 0.134365 ms MarkObjects: 3.277563 ms  DeleteObjects: 0.183023 ms)

AssetImportParameters requested are different than current active one (requested -> active):
  custom:graphics/normal-map-encoding: 01000000000000000000000000000000 -> 02000000000000000000000000000000
========================================================================
Received Prepare
Registering precompiled user dll's ...
Registered in 0.004048 seconds.
Begin MonoManager ReloadAssembly
Native extension for LinuxStandalone target not found
Native extension for WindowsStandalone target not found
Native extension for OSXStandalone target not found
Native extension for WebGL target not found
Refreshing native plugins compatible for Editor in 0.62 ms, found 1 plugins.
Preloading 0 native plugins for Editor in 0.00 ms.
Mono: successfully reloaded assembly
- Completed reload, in  1.418 seconds
Platform modules already initialized, skipping
Switching build target platform(24) subTarget(0) extendedPlatform(0) -> platform(13) subTarget(537395200) extendedPlatform(0)
Refreshing native plugins compatible for Editor in 0.51 ms, found 1 plugins.
Preloading 0 native plugins for Editor in 0.00 ms.
Unloading 2110 Unused Serialized files (Serialized files now loaded: 0)
System memory in use before: 88.9 MB.
System memory in use after: 88.9 MB.

Unloading 22 unused Assets to reduce memory usage. Loaded Objects now: 2630.
Total: 5.046674 ms (FindLiveObjects: 0.408455 ms CreateObjectMapping: 0.205866 ms MarkObjects: 4.160127 ms  DeleteObjects: 0.269461 ms)

AssetImportParameters requested are different than current active one (requested -> active):
  custom:graphics/normal-map-encoding: 01000000000000000000000000000000 -> 02000000000000000000000000000000
========================================================================
Received Import Request.
  Time since last request: 185.078096 seconds.
  path: Assets/ObjectInstantiating.cs
  artifactKey: Guid(0d192aebc9db8f04d96625a9beb6813c) Importer(815301076,1909f56bfc062723c751e8b465ee728b)
Start importing Assets/ObjectInstantiating.cs using Guid(0d192aebc9db8f04d96625a9beb6813c) Importer(815301076,1909f56bfc062723c751e8b465ee728b)  -> (artifact id: '4eaf573992a0c1806effa3d4b1963fef') in 0.003816 seconds
  Import took 0.008057 seconds .

========================================================================
Received Prepare
Registering precompiled user dll's ...
Registered in 0.003801 seconds.
Begin MonoManager ReloadAssembly
Native extension for LinuxStandalone target not found
Native extension for WindowsStandalone target not found
Native extension for OSXStandalone target not found
Native extension for WebGL target not found
Refreshing native plugins compatible for Editor in 0.53 ms, found 1 plugins.
Preloading 0 native plugins for Editor in 0.00 ms.
Mono: successfully reloaded assembly
- Completed reload, in  1.433 seconds
Platform modules already initialized, skipping
Switching build target platform(24) subTarget(0) extendedPlatform(0) -> platform(13) subTarget(537395200) extendedPlatform(0)
Refreshing native plugins compatible for Editor in 0.53 ms, found 1 plugins.
Preloading 0 native plugins for Editor in 0.00 ms.
Unloading 2110 Unused Serialized files (Serialized files now loaded: 0)
System memory in use before: 88.9 MB.
System memory in use after: 88.9 MB.

Unloading 22 unused Assets to reduce memory usage. Loaded Objects now: 2634.
Total: 3.563548 ms (FindLiveObjects: 0.301456 ms CreateObjectMapping: 0.113137 ms MarkObjects: 2.962062 ms  DeleteObjects: 0.185448 ms)

AssetImportParameters requested are different than current active one (requested -> active):
  custom:graphics/normal-map-encoding: 01000000000000000000000000000000 -> 02000000000000000000000000000000
========================================================================
Received Import Request.
  Time since last request: 31.763911 seconds.
  path: Assets/ObjectInstantiating.cs
  artifactKey: Guid(0d192aebc9db8f04d96625a9beb6813c) Importer(815301076,1909f56bfc062723c751e8b465ee728b)
Start importing Assets/ObjectInstantiating.cs using Guid(0d192aebc9db8f04d96625a9beb6813c) Importer(815301076,1909f56bfc062723c751e8b465ee728b)  -> (artifact id: '2c33648871cf377f147cd840f44c3bef') in 0.004092 seconds
  Import took 0.008540 seconds .

========================================================================
Received Import Request.
  Time since last request: 0.042268 seconds.
  path: Assets/ObjectInstantiating.cs
  artifactKey: Guid(0d192aebc9db8f04d96625a9beb6813c) Importer(815301076,1909f56bfc062723c751e8b465ee728b)
Start importing Assets/ObjectInstantiating.cs using Guid(0d192aebc9db8f04d96625a9beb6813c) Importer(815301076,1909f56bfc062723c751e8b465ee728b)  -> (artifact id: '2c33648871cf377f147cd840f44c3bef') in 0.000841 seconds
  Import took 0.005732 seconds .

========================================================================
Received Prepare
Registering precompiled user dll's ...
Registered in 0.004339 seconds.
Begin MonoManager ReloadAssembly
Native extension for LinuxStandalone target not found
Native extension for WindowsStandalone target not found
Native extension for OSXStandalone target not found
Native extension for WebGL target not found
Refreshing native plugins compatible for Editor in 0.61 ms, found 1 plugins.
Preloading 0 native plugins for Editor in 0.00 ms.
Mono: successfully reloaded assembly
- Completed reload, in  1.266 seconds
Platform modules already initialized, skipping
Switching build target platform(24) subTarget(0) extendedPlatform(0) -> platform(13) subTarget(537395200) extendedPlatform(0)
Refreshing native plugins compatible for Editor in 0.53 ms, found 1 plugins.
Preloading 0 native plugins for Editor in 0.00 ms.
Unloading 2110 Unused Serialized files (Serialized files now loaded: 0)
System memory in use before: 88.9 MB.
System memory in use after: 88.9 MB.

Unloading 22 unused Assets to reduce memory usage. Loaded Objects now: 2638.
Total: 3.761596 ms (FindLiveObjects: 0.345573 ms CreateObjectMapping: 0.114946 ms MarkObjects: 3.139318 ms  DeleteObjects: 0.160322 ms)

AssetImportParameters requested are different than current active one (requested -> active):
  custom:graphics/normal-map-encoding: 01000000000000000000000000000000 -> 02000000000000000000000000000000
========================================================================
Received Prepare
Registering precompiled user dll's ...
Registered in 0.004055 seconds.
Begin MonoManager ReloadAssembly
Native extension for LinuxStandalone target not found
Native extension for WindowsStandalone target not found
Native extension for OSXStandalone target not found
Native extension for WebGL target not found
Refreshing native plugins compatible for Editor in 0.55 ms, found 1 plugins.
Preloading 0 native plugins for Editor in 0.00 ms.
Mono: successfully reloaded assembly
- Completed reload, in  1.387 seconds
Platform modules already initialized, skipping
Switching build target platform(24) subTarget(0) extendedPlatform(0) -> platform(13) subTarget(537395200) extendedPlatform(0)
Refreshing native plugins compatible for Editor in 1.79 ms, found 1 plugins.
Preloading 0 native plugins for Editor in 0.00 ms.
Unloading 2110 Unused Serialized files (Serialized files now loaded: 0)
System memory in use before: 89.0 MB.
System memory in use after: 88.9 MB.

Unloading 22 unused Assets to reduce memory usage. Loaded Objects now: 2642.
Total: 8.149049 ms (FindLiveObjects: 0.395154 ms CreateObjectMapping: 0.226863 ms MarkObjects: 6.921530 ms  DeleteObjects: 0.602113 ms)

AssetImportParameters requested are different than current active one (requested -> active):
  custom:graphics/normal-map-encoding: 01000000000000000000000000000000 -> 02000000000000000000000000000000
========================================================================
Received Import Request.
  Time since last request: 809.836513 seconds.
  path: Assets/Joystick Pack/Prefabs/FIlling_Dangerous.prefab
  artifactKey: Guid(de7c769b0992d8361a6d440c1599e8f9) Importer(815301076,1909f56bfc062723c751e8b465ee728b)
Start importing Assets/Joystick Pack/Prefabs/FIlling_Dangerous.prefab using Guid(de7c769b0992d8361a6d440c1599e8f9) Importer(815301076,1909f56bfc062723c751e8b465ee728b)  -> (artifact id: '41c2c11348f86fba13eac1b103db6b5e') in 0.101251 seconds
  Import took 0.106706 seconds .

AssetImportWorkerClient::OnTransportError - code=2 error=End of file
